#
# A fatal error has been detected by the Java Runtime Environment:
#
#  EXCEPTION_ACCESS_VIOLATION (0xc0000005) at pc=0x00007ff93d514173, pid=7456, tid=10436
#
# JRE version: OpenJDK Runtime Environment Corretto-19.0.2.7.1 (19.0.2+7) (build 19.0.2+7-FR)
# Java VM: OpenJDK 64-Bit Server VM Corretto-19.0.2.7.1 (19.0.2+7-FR, mixed mode, sharing, tiered, compressed oops, compressed class ptrs, g1 gc, windows-amd64)
# Problematic frame:
# V  [jvm.dll+0x664173]
#
# No core dump will be written. Minidumps are not enabled by default on client versions of Windows
#
# If you would like to submit a bug report, please visit:
#   https://github.com/corretto/corretto-19/issues/
#

---------------  S U M M A R Y ------------

Command Line: -javaagent:C:\Program Files\JetBrains\IntelliJ IDEA Community Edition 2024.3.5\lib\idea_rt.jar=50078 -Dfile.encoding=UTF-8 -Dsun.stdout.encoding=UTF-8 -Dsun.stderr.encoding=UTF-8 com.example.waselne_backend.ReservationudemyApplication

Host: 11th Gen Intel(R) Core(TM) i7-1165G7 @ 2.80GHz, 8 cores, 15G,  Windows 10 , 64 bit Build 19041 (10.0.19041.5438)
Time: Sun Apr 13 18:28:47 2025 Middle East Standard Time elapsed time: 1.562664 seconds (0d 0h 0m 1s)

---------------  T H R E A D  ---------------

Current thread (0x000002d795f7e880):  JavaThread "C2 CompilerThread1" daemon [_thread_in_native, id=10436, stack(0x000000dbd9700000,0x000000dbd9800000)]


Current CompileTask:
C2:   1562 3149       4       org.springframework.core.ResolvableType::as (86 bytes)

Stack: [0x000000dbd9700000,0x000000dbd9800000],  sp=0x000000dbd97fb930,  free space=1006k
Native frames: (J=compiled Java code, j=interpreted, Vv=VM code, C=native code)
V  [jvm.dll+0x664173]
V  [jvm.dll+0x6626a1]
V  [jvm.dll+0x246f86]
V  [jvm.dll+0x2465a7]
V  [jvm.dll+0x1d4bb7]
V  [jvm.dll+0x25558a]
V  [jvm.dll+0x2538d7]
V  [jvm.dll+0x8342bd]
V  [jvm.dll+0x82e2fa]
V  [jvm.dll+0x6cf0d3]
C  [ucrtbase.dll+0x21bb2]
C  [KERNEL32.DLL+0x17374]
C  [ntdll.dll+0x4cc91]


siginfo: EXCEPTION_ACCESS_VIOLATION (0xc0000005), reading address 0x000002daa91af4f0


Registers:
RAX=0x000002d79851d1d0, RBX=0x000002d78763d848, RCX=0x0000000062192464, RDX=0x000002d78763d848
RSP=0x000000dbd97fb930, RBP=0x000000dbd97fb970, RSI=0xfffffffffffffff8, RDI=0x0000000000000000
R8 =0x000002d78763d848, R9 =0x000002d797e75780, R10=0x000000dbd97fe0f0, R11=0x0000000000000008
R12=0x0000000000000000, R13=0x000000dbd97fbd50, R14=0x0000000000000000, R15=0x000002d78763d848
RIP=0x00007ff93d514173, EFLAGS=0x0000000000010246


Register to memory mapping:

RIP=0x00007ff93d514173 jvm.dll
RAX=0x000002d79851d1d0 points into unknown readable memory: 0x000002d7966a5cd8 | d8 5c 6a 96 d7 02 00 00
RBX=0x000002d78763d848 is at code_begin+200 in 
[CodeBlob (0x000002d78763d710)]
Framesize: 148
Runtime Stub (0x000002d78763d710): new_multi_array Runtime1 stub
--------------------------------------------------------------------------------
Decoding CodeBlob, name: new_multi_array Runtime1 stub, at  [0x000002d78763d780, 0x000002d78763da98]  792 bytes
[MachCode]
  0x000002d78763d780: 5548 8bec | 4881 ec80 | 0000 0048 | 8944 2478 | 4889 4c24 | 7048 8954 | 2468 4889 | 5c24 6048 
  0x000002d78763d7a0: 896c 2450 | 4889 7424 | 4848 897c | 2440 4c89 | 4424 384c | 894c 2430 | 4c89 5424 | 284c 895c 
  0x000002d78763d7c0: 2420 4c89 | 6424 184c | 896c 2410 | 4c89 7424 | 084c 893c | 2448 81ec | 1004 0000 | c5fb 1144 
  0x000002d78763d7e0: 2428 c5fb | 114c 2430 | c5fb 1154 | 2438 c5fb | 115c 2440 | c5fb 1164 | 2448 c5fb | 116c 2450 
  0x000002d78763d800: c5fb 1174 | 2458 c5fb | 117c 2460 | c57b 1144 | 2468 c57b | 114c 2470 | c57b 1154 | 2478 c57b 
  0x000002d78763d820: 119c 2480 | 0000 00c5 | 7b11 a424 | 8800 0000 | c57b 11ac | 2490 0000 | 00c5 7b11 | b424 9800 
  0x000002d78763d840: 0000 c57b | 11bc 24a0 | 0000 0062 | e1ff 0811 | 4424 1562 | e1ff 0811 | 4c24 1662 | e1ff 0811 
  0x000002d78763d860: 5424 1762 | e1ff 0811 | 5c24 1862 | e1ff 0811 | 6424 1962 | e1ff 0811 | 6c24 1a62 | e1ff 0811 
  0x000002d78763d880: 7424 1b62 | e1ff 0811 | 7c24 1c62 | 61ff 0811 | 4424 1d62 | 61ff 0811 | 4c24 1e62 | 61ff 0811 
  0x000002d78763d8a0: 5424 1f62 | 61ff 0811 | 5c24 2062 | 61ff 0811 | 6424 2162 | 61ff 0811 | 6c24 2262 | 61ff 0811 
  0x000002d78763d8c0: 7424 2362 | 61ff 0811 | 7c24 2448 | 8bd0 4c8b | c34c 8bc9 | 498b cfc5 | f877 4989 | afd0 0200 
  0x000002d78763d8e0: 0049 89a7 | c002 0000 | 49ba 6042 | 063d f97f | 0000 41ff | d249 c787 | c002 0000 | 0000 0000 
  0x000002d78763d900: 49c7 87d0 | 0200 0000 | 0000 0049 | c787 c802 | 0000 0000 | 0000 c5f8 | 7749 817f | 0800 0000 
  0x000002d78763d920: 000f 8414 | 0000 0049 | 8b47 0849 | c787 1803 | 0000 0000 | 0000 e965 | faf6 ff49 | 8b87 1803 
  0x000002d78763d940: 0000 49c7 | 8718 0300 | 0000 0000 | 00c5 fb10 | 4424 28c5 | fb10 4c24 | 30c5 fb10 | 5424 38c5 
  0x000002d78763d960: fb10 5c24 | 40c5 fb10 | 6424 48c5 | fb10 6c24 | 50c5 fb10 | 7424 58c5 | fb10 7c24 | 60c5 7b10 
  0x000002d78763d980: 4424 68c5 | 7b10 4c24 | 70c5 7b10 | 5424 78c5 | 7b10 9c24 | 8000 0000 | c57b 10a4 | 2488 0000 
  0x000002d78763d9a0: 00c5 7b10 | ac24 9000 | 0000 c57b | 10b4 2498 | 0000 00c5 | 7b10 bc24 | a000 0000 | 62e1 ff08 
  0x000002d78763d9c0: 1044 2415 | 62e1 ff08 | 104c 2416 | 62e1 ff08 | 1054 2417 | 62e1 ff08 | 105c 2418 | 62e1 ff08 
  0x000002d78763d9e0: 1064 2419 | 62e1 ff08 | 106c 241a | 62e1 ff08 | 1074 241b | 62e1 ff08 | 107c 241c | 6261 ff08 
  0x000002d78763da00: 1044 241d | 6261 ff08 | 104c 241e | 6261 ff08 | 1054 241f | 6261 ff08 | 105c 2420 | 6261 ff08 
  0x000002d78763da20: 1064 2421 | 6261 ff08 | 106c 2422 | 6261 ff08 | 1074 2423 | 6261 ff08 | 107c 2424 | 4881 c410 
  0x000002d78763da40: 0400 004c | 8b3c 244c | 8b74 2408 | 4c8b 6c24 | 104c 8b64 | 2418 4c8b | 5c24 204c | 8b54 2428 
  0x000002d78763da60: 4c8b 4c24 | 304c 8b44 | 2438 488b | 7c24 4048 | 8b74 2448 | 488b 6c24 | 5048 8b5c | 2460 488b 
  0x000002d78763da80: 5424 6848 | 8b4c 2470 | 4881 c480 | 0000 00c9 | c30f 1f80 | 0000 0000 
[/MachCode]
--------------------------------------------------------------------------------
RCX=0x0000000062192464 is an unknown value
RDX=0x000002d78763d848 is at code_begin+200 in 
[CodeBlob (0x000002d78763d710)]
Framesize: 148
Runtime Stub (0x000002d78763d710): new_multi_array Runtime1 stub
--------------------------------------------------------------------------------
Decoding CodeBlob, name: new_multi_array Runtime1 stub, at  [0x000002d78763d780, 0x000002d78763da98]  792 bytes
[MachCode]
  0x000002d78763d780: 5548 8bec | 4881 ec80 | 0000 0048 | 8944 2478 | 4889 4c24 | 7048 8954 | 2468 4889 | 5c24 6048 
  0x000002d78763d7a0: 896c 2450 | 4889 7424 | 4848 897c | 2440 4c89 | 4424 384c | 894c 2430 | 4c89 5424 | 284c 895c 
  0x000002d78763d7c0: 2420 4c89 | 6424 184c | 896c 2410 | 4c89 7424 | 084c 893c | 2448 81ec | 1004 0000 | c5fb 1144 
  0x000002d78763d7e0: 2428 c5fb | 114c 2430 | c5fb 1154 | 2438 c5fb | 115c 2440 | c5fb 1164 | 2448 c5fb | 116c 2450 
  0x000002d78763d800: c5fb 1174 | 2458 c5fb | 117c 2460 | c57b 1144 | 2468 c57b | 114c 2470 | c57b 1154 | 2478 c57b 
  0x000002d78763d820: 119c 2480 | 0000 00c5 | 7b11 a424 | 8800 0000 | c57b 11ac | 2490 0000 | 00c5 7b11 | b424 9800 
  0x000002d78763d840: 0000 c57b | 11bc 24a0 | 0000 0062 | e1ff 0811 | 4424 1562 | e1ff 0811 | 4c24 1662 | e1ff 0811 
  0x000002d78763d860: 5424 1762 | e1ff 0811 | 5c24 1862 | e1ff 0811 | 6424 1962 | e1ff 0811 | 6c24 1a62 | e1ff 0811 
  0x000002d78763d880: 7424 1b62 | e1ff 0811 | 7c24 1c62 | 61ff 0811 | 4424 1d62 | 61ff 0811 | 4c24 1e62 | 61ff 0811 
  0x000002d78763d8a0: 5424 1f62 | 61ff 0811 | 5c24 2062 | 61ff 0811 | 6424 2162 | 61ff 0811 | 6c24 2262 | 61ff 0811 
  0x000002d78763d8c0: 7424 2362 | 61ff 0811 | 7c24 2448 | 8bd0 4c8b | c34c 8bc9 | 498b cfc5 | f877 4989 | afd0 0200 
  0x000002d78763d8e0: 0049 89a7 | c002 0000 | 49ba 6042 | 063d f97f | 0000 41ff | d249 c787 | c002 0000 | 0000 0000 
  0x000002d78763d900: 49c7 87d0 | 0200 0000 | 0000 0049 | c787 c802 | 0000 0000 | 0000 c5f8 | 7749 817f | 0800 0000 
  0x000002d78763d920: 000f 8414 | 0000 0049 | 8b47 0849 | c787 1803 | 0000 0000 | 0000 e965 | faf6 ff49 | 8b87 1803 
  0x000002d78763d940: 0000 49c7 | 8718 0300 | 0000 0000 | 00c5 fb10 | 4424 28c5 | fb10 4c24 | 30c5 fb10 | 5424 38c5 
  0x000002d78763d960: fb10 5c24 | 40c5 fb10 | 6424 48c5 | fb10 6c24 | 50c5 fb10 | 7424 58c5 | fb10 7c24 | 60c5 7b10 
  0x000002d78763d980: 4424 68c5 | 7b10 4c24 | 70c5 7b10 | 5424 78c5 | 7b10 9c24 | 8000 0000 | c57b 10a4 | 2488 0000 
  0x000002d78763d9a0: 00c5 7b10 | ac24 9000 | 0000 c57b | 10b4 2498 | 0000 00c5 | 7b10 bc24 | a000 0000 | 62e1 ff08 
  0x000002d78763d9c0: 1044 2415 | 62e1 ff08 | 104c 2416 | 62e1 ff08 | 1054 2417 | 62e1 ff08 | 105c 2418 | 62e1 ff08 
  0x000002d78763d9e0: 1064 2419 | 62e1 ff08 | 106c 241a | 62e1 ff08 | 1074 241b | 62e1 ff08 | 107c 241c | 6261 ff08 
  0x000002d78763da00: 1044 241d | 6261 ff08 | 104c 241e | 6261 ff08 | 1054 241f | 6261 ff08 | 105c 2420 | 6261 ff08 
  0x000002d78763da20: 1064 2421 | 6261 ff08 | 106c 2422 | 6261 ff08 | 1074 2423 | 6261 ff08 | 107c 2424 | 4881 c410 
  0x000002d78763da40: 0400 004c | 8b3c 244c | 8b74 2408 | 4c8b 6c24 | 104c 8b64 | 2418 4c8b | 5c24 204c | 8b54 2428 
  0x000002d78763da60: 4c8b 4c24 | 304c 8b44 | 2438 488b | 7c24 4048 | 8b74 2448 | 488b 6c24 | 5048 8b5c | 2460 488b 
  0x000002d78763da80: 5424 6848 | 8b4c 2470 | 4881 c480 | 0000 00c9 | c30f 1f80 | 0000 0000 
[/MachCode]
--------------------------------------------------------------------------------
RSP=0x000000dbd97fb930 is pointing into the stack for thread: 0x000002d795f7e880
RBP=0x000000dbd97fb970 is pointing into the stack for thread: 0x000002d795f7e880
RSI=0xfffffffffffffff8 is an unknown value
RDI=0x0 is NULL
R8 =0x000002d78763d848 is at code_begin+200 in 
[CodeBlob (0x000002d78763d710)]
Framesize: 148
Runtime Stub (0x000002d78763d710): new_multi_array Runtime1 stub
--------------------------------------------------------------------------------
Decoding CodeBlob, name: new_multi_array Runtime1 stub, at  [0x000002d78763d780, 0x000002d78763da98]  792 bytes
[MachCode]
  0x000002d78763d780: 5548 8bec | 4881 ec80 | 0000 0048 | 8944 2478 | 4889 4c24 | 7048 8954 | 2468 4889 | 5c24 6048 
  0x000002d78763d7a0: 896c 2450 | 4889 7424 | 4848 897c | 2440 4c89 | 4424 384c | 894c 2430 | 4c89 5424 | 284c 895c 
  0x000002d78763d7c0: 2420 4c89 | 6424 184c | 896c 2410 | 4c89 7424 | 084c 893c | 2448 81ec | 1004 0000 | c5fb 1144 
  0x000002d78763d7e0: 2428 c5fb | 114c 2430 | c5fb 1154 | 2438 c5fb | 115c 2440 | c5fb 1164 | 2448 c5fb | 116c 2450 
  0x000002d78763d800: c5fb 1174 | 2458 c5fb | 117c 2460 | c57b 1144 | 2468 c57b | 114c 2470 | c57b 1154 | 2478 c57b 
  0x000002d78763d820: 119c 2480 | 0000 00c5 | 7b11 a424 | 8800 0000 | c57b 11ac | 2490 0000 | 00c5 7b11 | b424 9800 
  0x000002d78763d840: 0000 c57b | 11bc 24a0 | 0000 0062 | e1ff 0811 | 4424 1562 | e1ff 0811 | 4c24 1662 | e1ff 0811 
  0x000002d78763d860: 5424 1762 | e1ff 0811 | 5c24 1862 | e1ff 0811 | 6424 1962 | e1ff 0811 | 6c24 1a62 | e1ff 0811 
  0x000002d78763d880: 7424 1b62 | e1ff 0811 | 7c24 1c62 | 61ff 0811 | 4424 1d62 | 61ff 0811 | 4c24 1e62 | 61ff 0811 
  0x000002d78763d8a0: 5424 1f62 | 61ff 0811 | 5c24 2062 | 61ff 0811 | 6424 2162 | 61ff 0811 | 6c24 2262 | 61ff 0811 
  0x000002d78763d8c0: 7424 2362 | 61ff 0811 | 7c24 2448 | 8bd0 4c8b | c34c 8bc9 | 498b cfc5 | f877 4989 | afd0 0200 
  0x000002d78763d8e0: 0049 89a7 | c002 0000 | 49ba 6042 | 063d f97f | 0000 41ff | d249 c787 | c002 0000 | 0000 0000 
  0x000002d78763d900: 49c7 87d0 | 0200 0000 | 0000 0049 | c787 c802 | 0000 0000 | 0000 c5f8 | 7749 817f | 0800 0000 
  0x000002d78763d920: 000f 8414 | 0000 0049 | 8b47 0849 | c787 1803 | 0000 0000 | 0000 e965 | faf6 ff49 | 8b87 1803 
  0x000002d78763d940: 0000 49c7 | 8718 0300 | 0000 0000 | 00c5 fb10 | 4424 28c5 | fb10 4c24 | 30c5 fb10 | 5424 38c5 
  0x000002d78763d960: fb10 5c24 | 40c5 fb10 | 6424 48c5 | fb10 6c24 | 50c5 fb10 | 7424 58c5 | fb10 7c24 | 60c5 7b10 
  0x000002d78763d980: 4424 68c5 | 7b10 4c24 | 70c5 7b10 | 5424 78c5 | 7b10 9c24 | 8000 0000 | c57b 10a4 | 2488 0000 
  0x000002d78763d9a0: 00c5 7b10 | ac24 9000 | 0000 c57b | 10b4 2498 | 0000 00c5 | 7b10 bc24 | a000 0000 | 62e1 ff08 
  0x000002d78763d9c0: 1044 2415 | 62e1 ff08 | 104c 2416 | 62e1 ff08 | 1054 2417 | 62e1 ff08 | 105c 2418 | 62e1 ff08 
  0x000002d78763d9e0: 1064 2419 | 62e1 ff08 | 106c 241a | 62e1 ff08 | 1074 241b | 62e1 ff08 | 107c 241c | 6261 ff08 
  0x000002d78763da00: 1044 241d | 6261 ff08 | 104c 241e | 6261 ff08 | 1054 241f | 6261 ff08 | 105c 2420 | 6261 ff08 
  0x000002d78763da20: 1064 2421 | 6261 ff08 | 106c 2422 | 6261 ff08 | 1074 2423 | 6261 ff08 | 107c 2424 | 4881 c410 
  0x000002d78763da40: 0400 004c | 8b3c 244c | 8b74 2408 | 4c8b 6c24 | 104c 8b64 | 2418 4c8b | 5c24 204c | 8b54 2428 
  0x000002d78763da60: 4c8b 4c24 | 304c 8b44 | 2438 488b | 7c24 4048 | 8b74 2448 | 488b 6c24 | 5048 8b5c | 2460 488b 
  0x000002d78763da80: 5424 6848 | 8b4c 2470 | 4881 c480 | 0000 00c9 | c30f 1f80 | 0000 0000 
[/MachCode]
--------------------------------------------------------------------------------
R9 =0x000002d797e75780 points into unknown readable memory: 0x0000000000000000 | 00 00 00 00 00 00 00 00
R10=0x000000dbd97fe0f0 is pointing into the stack for thread: 0x000002d795f7e880
R11=0x0000000000000008 is an unknown value
R12=0x0 is NULL
R13=0x000000dbd97fbd50 is pointing into the stack for thread: 0x000002d795f7e880
R14=0x0 is NULL
R15=0x000002d78763d848 is at code_begin+200 in 
[CodeBlob (0x000002d78763d710)]
Framesize: 148
Runtime Stub (0x000002d78763d710): new_multi_array Runtime1 stub
--------------------------------------------------------------------------------
Decoding CodeBlob, name: new_multi_array Runtime1 stub, at  [0x000002d78763d780, 0x000002d78763da98]  792 bytes
[MachCode]
  0x000002d78763d780: 5548 8bec | 4881 ec80 | 0000 0048 | 8944 2478 | 4889 4c24 | 7048 8954 | 2468 4889 | 5c24 6048 
  0x000002d78763d7a0: 896c 2450 | 4889 7424 | 4848 897c | 2440 4c89 | 4424 384c | 894c 2430 | 4c89 5424 | 284c 895c 
  0x000002d78763d7c0: 2420 4c89 | 6424 184c | 896c 2410 | 4c89 7424 | 084c 893c | 2448 81ec | 1004 0000 | c5fb 1144 
  0x000002d78763d7e0: 2428 c5fb | 114c 2430 | c5fb 1154 | 2438 c5fb | 115c 2440 | c5fb 1164 | 2448 c5fb | 116c 2450 
  0x000002d78763d800: c5fb 1174 | 2458 c5fb | 117c 2460 | c57b 1144 | 2468 c57b | 114c 2470 | c57b 1154 | 2478 c57b 
  0x000002d78763d820: 119c 2480 | 0000 00c5 | 7b11 a424 | 8800 0000 | c57b 11ac | 2490 0000 | 00c5 7b11 | b424 9800 
  0x000002d78763d840: 0000 c57b | 11bc 24a0 | 0000 0062 | e1ff 0811 | 4424 1562 | e1ff 0811 | 4c24 1662 | e1ff 0811 
  0x000002d78763d860: 5424 1762 | e1ff 0811 | 5c24 1862 | e1ff 0811 | 6424 1962 | e1ff 0811 | 6c24 1a62 | e1ff 0811 
  0x000002d78763d880: 7424 1b62 | e1ff 0811 | 7c24 1c62 | 61ff 0811 | 4424 1d62 | 61ff 0811 | 4c24 1e62 | 61ff 0811 
  0x000002d78763d8a0: 5424 1f62 | 61ff 0811 | 5c24 2062 | 61ff 0811 | 6424 2162 | 61ff 0811 | 6c24 2262 | 61ff 0811 
  0x000002d78763d8c0: 7424 2362 | 61ff 0811 | 7c24 2448 | 8bd0 4c8b | c34c 8bc9 | 498b cfc5 | f877 4989 | afd0 0200 
  0x000002d78763d8e0: 0049 89a7 | c002 0000 | 49ba 6042 | 063d f97f | 0000 41ff | d249 c787 | c002 0000 | 0000 0000 
  0x000002d78763d900: 49c7 87d0 | 0200 0000 | 0000 0049 | c787 c802 | 0000 0000 | 0000 c5f8 | 7749 817f | 0800 0000 
  0x000002d78763d920: 000f 8414 | 0000 0049 | 8b47 0849 | c787 1803 | 0000 0000 | 0000 e965 | faf6 ff49 | 8b87 1803 
  0x000002d78763d940: 0000 49c7 | 8718 0300 | 0000 0000 | 00c5 fb10 | 4424 28c5 | fb10 4c24 | 30c5 fb10 | 5424 38c5 
  0x000002d78763d960: fb10 5c24 | 40c5 fb10 | 6424 48c5 | fb10 6c24 | 50c5 fb10 | 7424 58c5 | fb10 7c24 | 60c5 7b10 
  0x000002d78763d980: 4424 68c5 | 7b10 4c24 | 70c5 7b10 | 5424 78c5 | 7b10 9c24 | 8000 0000 | c57b 10a4 | 2488 0000 
  0x000002d78763d9a0: 00c5 7b10 | ac24 9000 | 0000 c57b | 10b4 2498 | 0000 00c5 | 7b10 bc24 | a000 0000 | 62e1 ff08 
  0x000002d78763d9c0: 1044 2415 | 62e1 ff08 | 104c 2416 | 62e1 ff08 | 1054 2417 | 62e1 ff08 | 105c 2418 | 62e1 ff08 
  0x000002d78763d9e0: 1064 2419 | 62e1 ff08 | 106c 241a | 62e1 ff08 | 1074 241b | 62e1 ff08 | 107c 241c | 6261 ff08 
  0x000002d78763da00: 1044 241d | 6261 ff08 | 104c 241e | 6261 ff08 | 1054 241f | 6261 ff08 | 105c 2420 | 6261 ff08 
  0x000002d78763da20: 1064 2421 | 6261 ff08 | 106c 2422 | 6261 ff08 | 1074 2423 | 6261 ff08 | 107c 2424 | 4881 c410 
  0x000002d78763da40: 0400 004c | 8b3c 244c | 8b74 2408 | 4c8b 6c24 | 104c 8b64 | 2418 4c8b | 5c24 204c | 8b54 2428 
  0x000002d78763da60: 4c8b 4c24 | 304c 8b44 | 2438 488b | 7c24 4048 | 8b74 2448 | 488b 6c24 | 5048 8b5c | 2460 488b 
  0x000002d78763da80: 5424 6848 | 8b4c 2470 | 4881 c480 | 0000 00c9 | c30f 1f80 | 0000 0000 
[/MachCode]
--------------------------------------------------------------------------------


Top of Stack: (sp=0x000000dbd97fb930)
0x000000dbd97fb930:   000002d7966a5c90 000002d797d1cf20
0x000000dbd97fb940:   000002d797d1cf20 0000000000000000
0x000000dbd97fb950:   000002d79837c180 000002d7983e3430
0x000000dbd97fb960:   000002d798372470 000002d795d61e60
0x000000dbd97fb970:   0000000000000000 000000dbd97fe390
0x000000dbd97fb980:   000000000000264c 000000dbd97fbd50
0x000000dbd97fb990:   000000dbd97fba20 00007ff93d5126a1
0x000000dbd97fb9a0:   0000000000000004 000002d797cf7d08
0x000000dbd97fb9b0:   0000000000000004 0000000000000008
0x000000dbd97fb9c0:   0000000000100000 0000000000000000
0x000000dbd97fb9d0:   0000000000000000 0000000000000000
0x000000dbd97fb9e0:   0000000000000000 0000000000000000
0x000000dbd97fb9f0:   0000000000000000 0000000000000000
0x000000dbd97fba00:   0000000000000000 0000000000000000
0x000000dbd97fba10:   0000000000000000 0000000000000000
0x000000dbd97fba20:   0000000000000028 0000000000000000 

Instructions: (pc=0x00007ff93d514173)
0x00007ff93d514073:   3b ca 72 0d 48 8d 4d e0 e8 60 a1 04 00 4c 8b 45
0x00007ff93d514083:   e0 45 33 e4 48 89 74 24 70 4d 89 20 48 8b 45 e0
0x00007ff93d514093:   4c 89 74 24 78 4c 89 bc 24 88 00 00 00 c7 40 08
0x00007ff93d5140a3:   ff ff ff ff 48 8b 45 e0 48 83 c0 10 48 89 45 e0
0x00007ff93d5140b3:   48 89 18 48 8b 45 e0 c7 40 08 01 00 00 00 48 8b
0x00007ff93d5140c3:   55 e0 48 3b 55 f0 0f 82 0a 06 00 00 90 49 8b 5d
0x00007ff93d5140d3:   10 8b 83 40 02 00 00 2b 83 68 02 00 00 03 05 0a
0x00007ff93d5140e3:   fe 51 00 3b 43 68 76 2d 48 8b 8b 70 01 00 00 48
0x00007ff93d5140f3:   8d 15 ef 8a 3a 00 45 33 c0 e8 0f 1a b9 ff 48 8d
0x00007ff93d514103:   15 e0 8a 3a 00 48 8b cb e8 e0 c8 be ff 48 8b 55
0x00007ff93d514113:   e0 49 8b 5d 10 48 8b 83 70 01 00 00 48 83 78 58
0x00007ff93d514123:   00 0f 85 d0 05 00 00 48 83 bb 88 01 00 00 00 0f
0x00007ff93d514133:   85 c2 05 00 00 8b 42 08 48 8b 1a 83 f8 01 0f 85
0x00007ff93d514143:   fb 04 00 00 c7 42 08 02 00 00 00 4c 8b fb 49 8b
0x00007ff93d514153:   4d 10 48 8b d3 48 81 c1 70 02 00 00 e8 7c 98 a7
0x00007ff93d514163:   ff 84 c0 0f 85 bf 01 00 00 8b 4b 28 49 8b 45 30
0x00007ff93d514173:   48 8b 3c c8 48 85 ff 0f 85 a1 01 00 00 8b c1 c1
0x00007ff93d514183:   e8 05 41 3b 85 f8 09 00 00 72 04 32 c9 eb 15 8b
0x00007ff93d514193:   d0 83 e1 1f 49 8b 85 00 0a 00 00 8b 04 90 0f a3
0x00007ff93d5141a3:   c8 0f 92 c1 8b 43 2c 84 c9 75 62 83 e0 03 48 8b
0x00007ff93d5141b3:   d3 49 8b cd 3c 03 75 07 e8 00 e7 ff ff eb 05 e8
0x00007ff93d5141c3:   d9 ef ff ff 49 8b 4d 10 48 8b f8 48 8b 81 70 01
0x00007ff93d5141d3:   00 00 48 83 78 58 00 0f 85 1a 05 00 00 48 83 b9
0x00007ff93d5141e3:   88 01 00 00 00 0f 85 0c 05 00 00 48 85 ff 0f 84
0x00007ff93d5141f3:   03 05 00 00 8b 43 2c 83 e0 1f 3c 11 75 5e 48 8b
0x00007ff93d514203:   03 48 8b cb ff 50 30 48 89 47 48 eb 4f 24 0f 3c
0x00007ff93d514213:   08 75 3e 48 8b 43 08 48 8b 08 48 85 c9 74 32 f6
0x00007ff93d514223:   41 2c 01 74 2c 48 8b 01 4d 8b c5 48 8b d3 ff 90
0x00007ff93d514233:   b8 00 00 00 48 8b f8 48 8b 40 08 48 83 38 00 74
0x00007ff93d514243:   1b 4c 8b c3 48 8b d7 49 8b cd e8 6e 9c ff ff eb
0x00007ff93d514253:   0b 48 8b cb e8 74 8c 04 00 48 8b f8 8b 73 28 41
0x00007ff93d514263:   3b 75 28 72 0b 8b d6 49 8d 4d 20 e8 dd 9e 04 00 


Stack slot to memory mapping:
stack at sp + 0 slots: 0x000002d7966a5c90 points into unknown readable memory: 0x00007ff93d839a40 | 40 9a 83 3d f9 7f 00 00
stack at sp + 1 slots: 0x000002d797d1cf20 points into unknown readable memory: 0x00007ff93d7aeb48 | 48 eb 7a 3d f9 7f 00 00
stack at sp + 2 slots: 0x000002d797d1cf20 points into unknown readable memory: 0x00007ff93d7aeb48 | 48 eb 7a 3d f9 7f 00 00
stack at sp + 3 slots: 0x0 is NULL
stack at sp + 4 slots: 0x000002d79837c180 points into unknown readable memory: 0x000002d78763d848 | 48 d8 63 87 d7 02 00 00
stack at sp + 5 slots: 0x000002d7983e3430 points into unknown readable memory: 0xffffffffffffffff | ff ff ff ff ff ff ff ff
stack at sp + 6 slots: 0x000002d798372470 points into unknown readable memory: 0x0000000000000000 | 00 00 00 00 00 00 00 00
stack at sp + 7 slots: 0x000002d795d61e60 points into unknown readable memory: 0x0000000000000007 | 07 00 00 00 00 00 00 00


---------------  P R O C E S S  ---------------

Threads class SMR info:
_java_thread_list=0x000002d796e08190, length=17, elements={
0x000002d7ec5d7f60, 0x000002d791620b10, 0x000002d7916219f0, 0x000002d791624020,
0x000002d791626b50, 0x000002d791627570, 0x000002d79162ab00, 0x000002d791637760,
0x000002d795c284a0, 0x000002d79163b250, 0x000002d79163a7b0, 0x000002d795f7e880,
0x000002d79163b7a0, 0x000002d79163bcf0, 0x000002d79163ad00, 0x000002d79163c790,
0x000002d7977355c0
}

Java Threads: ( => current thread )
  0x000002d7ec5d7f60 JavaThread "main" [_thread_blocked, id=10132, stack(0x000000dbd8600000,0x000000dbd8700000)]
  0x000002d791620b10 JavaThread "Reference Handler" daemon [_thread_blocked, id=9032, stack(0x000000dbd8d00000,0x000000dbd8e00000)]
  0x000002d7916219f0 JavaThread "Finalizer" daemon [_thread_blocked, id=13328, stack(0x000000dbd8e00000,0x000000dbd8f00000)]
  0x000002d791624020 JavaThread "Signal Dispatcher" daemon [_thread_blocked, id=13384, stack(0x000000dbd8f00000,0x000000dbd9000000)]
  0x000002d791626b50 JavaThread "Attach Listener" daemon [_thread_blocked, id=7888, stack(0x000000dbd9000000,0x000000dbd9100000)]
  0x000002d791627570 JavaThread "Service Thread" daemon [_thread_blocked, id=9720, stack(0x000000dbd9100000,0x000000dbd9200000)]
  0x000002d79162ab00 JavaThread "Monitor Deflation Thread" daemon [_thread_blocked, id=7152, stack(0x000000dbd9200000,0x000000dbd9300000)]
  0x000002d791637760 JavaThread "C2 CompilerThread0" daemon [_thread_in_native, id=6420, stack(0x000000dbd9300000,0x000000dbd9400000)]
  0x000002d795c284a0 JavaThread "C1 CompilerThread0" daemon [_thread_blocked, id=3128, stack(0x000000dbd9400000,0x000000dbd9500000)]
  0x000002d79163b250 JavaThread "Sweeper thread" daemon [_thread_blocked, id=8716, stack(0x000000dbd9500000,0x000000dbd9600000)]
  0x000002d79163a7b0 JavaThread "Common-Cleaner" daemon [_thread_blocked, id=10440, stack(0x000000dbd9600000,0x000000dbd9700000)]
=>0x000002d795f7e880 JavaThread "C2 CompilerThread1" daemon [_thread_in_native, id=10436, stack(0x000000dbd9700000,0x000000dbd9800000)]
  0x000002d79163b7a0 JavaThread "Monitor Ctrl-Break" daemon [_thread_in_native, id=15264, stack(0x000000dbd9800000,0x000000dbd9900000)]
  0x000002d79163bcf0 JavaThread "Notification Thread" daemon [_thread_blocked, id=2056, stack(0x000000dbd9900000,0x000000dbd9a00000)]
  0x000002d79163ad00 JavaThread "Thread-0" [_thread_blocked, id=9144, stack(0x000000dbd9b00000,0x000000dbd9c00000)]
  0x000002d79163c790 JavaThread "restartedMain" [_thread_in_Java, id=9348, stack(0x000000dbd9c00000,0x000000dbd9d00000)]
  0x000002d7977355c0 JavaThread "C2 CompilerThread2" daemon [_thread_in_native, id=11824, stack(0x000000dbda200000,0x000000dbda300000)]

Other Threads:
  0x000002d791607ad0 VMThread "VM Thread" [stack: 0x000000dbd8c00000,0x000000dbd8d00000] [id=8856]
  0x000002d7960320f0 WatcherThread "VM Periodic Task Thread" [stack: 0x000000dbd9a00000,0x000000dbd9b00000] [id=13888]
  0x000002d7ec648090 WorkerThread "GC Thread#0" [stack: 0x000000dbd8700000,0x000000dbd8800000] [id=8668]
  0x000002d796978c60 WorkerThread "GC Thread#1" [stack: 0x000000dbd9d00000,0x000000dbd9e00000] [id=1992]
  0x000002d7967cba30 WorkerThread "GC Thread#2" [stack: 0x000000dbd9e00000,0x000000dbd9f00000] [id=4676]
  0x000002d7967f2b50 WorkerThread "GC Thread#3" [stack: 0x000000dbd9f00000,0x000000dbda000000] [id=1192]
  0x000002d7967d44d0 WorkerThread "GC Thread#4" [stack: 0x000000dbda000000,0x000000dbda100000] [id=14756]
  0x000002d7967d47a0 WorkerThread "GC Thread#5" [stack: 0x000000dbda100000,0x000000dbda200000] [id=3588]
  0x000002d7967d2b80 WorkerThread "GC Thread#6" [stack: 0x000000dbda300000,0x000000dbda400000] [id=11748]
  0x000002d7967d36c0 WorkerThread "GC Thread#7" [stack: 0x000000dbda400000,0x000000dbda500000] [id=7828]
  0x000002d7ec659c20 ConcurrentGCThread "G1 Main Marker" [stack: 0x000000dbd8800000,0x000000dbd8900000] [id=10496]
  0x000002d7ec65adf0 WorkerThread "G1 Conc#0" [stack: 0x000000dbd8900000,0x000000dbd8a00000] [id=13332]
  0x000002d7967d3120 WorkerThread "G1 Conc#1" [stack: 0x000000dbda500000,0x000000dbda600000] [id=11600]
  0x000002d7ec69e4e0 ConcurrentGCThread "G1 Refine#0" [stack: 0x000000dbd8a00000,0x000000dbd8b00000] [id=10236]
  0x000002d7914c0190 ConcurrentGCThread "G1 Service" [stack: 0x000000dbd8b00000,0x000000dbd8c00000] [id=13380]

Threads with active compile tasks:
C2 CompilerThread0     1592 3179       4       java.util.Collections$SetFromMap::remove (19 bytes)
C2 CompilerThread1     1592 3149       4       org.springframework.core.ResolvableType::as (86 bytes)
C2 CompilerThread2     1592 3197   !   4       jdk.internal.loader.BuiltinClassLoader::loadClassOrNull (143 bytes)

VM state: not at safepoint (normal execution)

VM Mutex/Monitor currently owned by a thread: None

Heap address: 0x0000000705800000, size: 4008 MB, Compressed Oops mode: Zero based, Oop shift amount: 3

CDS archive(s) mapped at: [0x0000000800000000-0x0000000800c40000-0x0000000800c40000), size 12845056, SharedBaseAddress: 0x0000000800000000, ArchiveRelocationMode: 0.
Compressed class space mapped at: 0x0000000801000000-0x0000000841000000, reserved size: 1073741824
Narrow klass base: 0x0000000800000000, Narrow klass shift: 0, Narrow klass range: 0x100000000

GC Precious Log:
 CardTable entry size: 512
 Card Set container configuration: InlinePtr #cards 4 size 8 Array Of Cards #cards 16 size 48 Howl #buckets 8 coarsen threshold 3686 Howl Bitmap #cards 512 size 80 coarsen threshold 460 Card regions per heap region 1 cards per card region 4096
 CPUs: 8 total, 8 available
 Memory: 16026M
 Large Page Support: Disabled
 NUMA Support: Disabled
 Compressed Oops: Enabled (Zero based)
 Heap Region Size: 2M
 Heap Min Capacity: 8M
 Heap Initial Capacity: 252M
 Heap Max Capacity: 4008M
 Pre-touch: Disabled
 Parallel Workers: 8
 Concurrent Workers: 2
 Concurrent Refinement Workers: 8
 Periodic GC: Disabled

Heap:
 garbage-first heap   total 61440K, used 16628K [0x0000000705800000, 0x0000000800000000)
  region size 2048K, 7 young (14336K), 4 survivors (8192K)
 Metaspace       used 21680K, committed 22016K, reserved 1114112K
  class space    used 2619K, committed 2752K, reserved 1048576K

Heap Regions: E=young(eden), S=young(survivor), O=old, HS=humongous(starts), HC=humongous(continues), CS=collection set, F=free, OA=open archive, CA=closed archive, TAMS=top-at-mark-start (previous, next)
|   0|0x0000000705800000, 0x0000000705a00000, 0x0000000705a00000|100%| O|  |TAMS 0x0000000705a00000, 0x0000000705800000| Untracked 
|   1|0x0000000705a00000, 0x0000000705c00000, 0x0000000705c00000|100%| O|  |TAMS 0x0000000705c00000, 0x0000000705a00000| Untracked 
|   2|0x0000000705c00000, 0x0000000705dca600, 0x0000000705e00000| 89%| O|  |TAMS 0x0000000705dca600, 0x0000000705c00000| Complete 
|   3|0x0000000705e00000, 0x0000000705e00000, 0x0000000706000000|  0%| F|  |TAMS 0x0000000705e00000, 0x0000000705e00000| Untracked 
|   4|0x0000000706000000, 0x0000000706000000, 0x0000000706200000|  0%| F|  |TAMS 0x0000000706000000, 0x0000000706000000| Untracked 
|   5|0x0000000706200000, 0x0000000706200000, 0x0000000706400000|  0%| F|  |TAMS 0x0000000706200000, 0x0000000706200000| Untracked 
|   6|0x0000000706400000, 0x0000000706400000, 0x0000000706600000|  0%| F|  |TAMS 0x0000000706400000, 0x0000000706400000| Untracked 
|   7|0x0000000706600000, 0x0000000706600000, 0x0000000706800000|  0%| F|  |TAMS 0x0000000706600000, 0x0000000706600000| Untracked 
|   8|0x0000000706800000, 0x0000000706800000, 0x0000000706a00000|  0%| F|  |TAMS 0x0000000706800000, 0x0000000706800000| Untracked 
|   9|0x0000000706a00000, 0x0000000706a00000, 0x0000000706c00000|  0%| F|  |TAMS 0x0000000706a00000, 0x0000000706a00000| Untracked 
|  10|0x0000000706c00000, 0x0000000706c00000, 0x0000000706e00000|  0%| F|  |TAMS 0x0000000706c00000, 0x0000000706c00000| Untracked 
|  11|0x0000000706e00000, 0x0000000706e00000, 0x0000000707000000|  0%| F|  |TAMS 0x0000000706e00000, 0x0000000706e00000| Untracked 
|  12|0x0000000707000000, 0x0000000707000000, 0x0000000707200000|  0%| F|  |TAMS 0x0000000707000000, 0x0000000707000000| Untracked 
|  13|0x0000000707200000, 0x0000000707200000, 0x0000000707400000|  0%| F|  |TAMS 0x0000000707200000, 0x0000000707200000| Untracked 
|  14|0x0000000707400000, 0x0000000707400000, 0x0000000707600000|  0%| F|  |TAMS 0x0000000707400000, 0x0000000707400000| Untracked 
|  15|0x0000000707600000, 0x0000000707600000, 0x0000000707800000|  0%| F|  |TAMS 0x0000000707600000, 0x0000000707600000| Untracked 
|  16|0x0000000707800000, 0x0000000707800000, 0x0000000707a00000|  0%| F|  |TAMS 0x0000000707800000, 0x0000000707800000| Untracked 
|  17|0x0000000707a00000, 0x0000000707a00000, 0x0000000707c00000|  0%| F|  |TAMS 0x0000000707a00000, 0x0000000707a00000| Untracked 
|  18|0x0000000707c00000, 0x0000000707c00000, 0x0000000707e00000|  0%| F|  |TAMS 0x0000000707c00000, 0x0000000707c00000| Untracked 
|  19|0x0000000707e00000, 0x0000000707e00000, 0x0000000708000000|  0%| F|  |TAMS 0x0000000707e00000, 0x0000000707e00000| Untracked 
|  20|0x0000000708000000, 0x0000000708000000, 0x0000000708200000|  0%| F|  |TAMS 0x0000000708000000, 0x0000000708000000| Untracked 
|  21|0x0000000708200000, 0x0000000708200000, 0x0000000708400000|  0%| F|  |TAMS 0x0000000708200000, 0x0000000708200000| Untracked 
|  22|0x0000000708400000, 0x0000000708400000, 0x0000000708600000|  0%| F|  |TAMS 0x0000000708400000, 0x0000000708400000| Untracked 
|  23|0x0000000708600000, 0x0000000708600800, 0x0000000708800000|  0%| E|  |TAMS 0x0000000708600000, 0x0000000708600000| Complete 
|  94|0x0000000711400000, 0x0000000711472ac0, 0x0000000711600000| 22%| S|CS|TAMS 0x0000000711400000, 0x0000000711400000| Complete 
|  95|0x0000000711600000, 0x0000000711800000, 0x0000000711800000|100%| S|CS|TAMS 0x0000000711600000, 0x0000000711600000| Complete 
|  96|0x0000000711800000, 0x0000000711a00000, 0x0000000711a00000|100%| S|CS|TAMS 0x0000000711800000, 0x0000000711800000| Complete 
|  97|0x0000000711a00000, 0x0000000711c00000, 0x0000000711c00000|100%| S|CS|TAMS 0x0000000711a00000, 0x0000000711a00000| Complete 
| 124|0x0000000715000000, 0x0000000715200000, 0x0000000715200000|100%| E|CS|TAMS 0x0000000715000000, 0x0000000715000000| Complete 
| 125|0x0000000715200000, 0x0000000715400000, 0x0000000715400000|100%| E|CS|TAMS 0x0000000715200000, 0x0000000715200000| Complete 

Card table byte_map: [0x000002d7f7240000,0x000002d7f7a20000] _byte_map_base: 0x000002d7f3a14000

Marking Bits (Prev, Next): (CMBitMap*) 0x000002d7ec649710, (CMBitMap*) 0x000002d7ec6496d0
 Prev Bits: [0x000002d7fc0a0000, 0x000002d7fff40000)
 Next Bits: [0x000002d7f8200000, 0x000002d7fc0a0000)

Polling page: 0x000002d7ec480000

Metaspace:

Usage:
  Non-class:     18.62 MB used.
      Class:      2.56 MB used.
       Both:     21.18 MB used.

Virtual space:
  Non-class space:       64.00 MB reserved,      18.81 MB ( 29%) committed,  1 nodes.
      Class space:        1.00 GB reserved,       2.69 MB ( <1%) committed,  1 nodes.
             Both:        1.06 GB reserved,      21.50 MB (  2%) committed. 

Chunk freelists:
   Non-Class:  932.00 KB
       Class:  1.25 MB
        Both:  2.17 MB

MaxMetaspaceSize: unlimited
CompressedClassSpaceSize: 1.00 GB
Initial GC threshold: 21.00 MB
Current GC threshold: 35.25 MB
CDS: on
MetaspaceReclaimPolicy: balanced
 - commit_granule_bytes: 65536.
 - commit_granule_words: 8192.
 - virtual_space_node_default_size: 8388608.
 - enlarge_chunks_in_place: 1.
 - new_chunks_are_fully_committed: 0.
 - uncommit_free_chunks: 1.
 - use_allocation_guard: 0.


Internal statistics:

num_allocs_failed_limit: 3.
num_arena_births: 386.
num_arena_deaths: 0.
num_vsnodes_births: 2.
num_vsnodes_deaths: 0.
num_space_committed: 344.
num_space_uncommitted: 0.
num_chunks_returned_to_freelist: 3.
num_chunks_taken_from_freelist: 1116.
num_chunk_merges: 3.
num_chunk_splits: 790.
num_chunks_enlarged: 627.
num_inconsistent_stats: 0.

CodeHeap 'non-profiled nmethods': size=120000Kb used=1425Kb max_used=1425Kb free=118574Kb
 bounds [0x000002d787ad0000, 0x000002d787d40000, 0x000002d78f000000]
CodeHeap 'profiled nmethods': size=120000Kb used=6762Kb max_used=6762Kb free=113237Kb
 bounds [0x000002d780000000, 0x000002d7806a0000, 0x000002d787530000]
CodeHeap 'non-nmethods': size=5760Kb used=1303Kb max_used=1350Kb free=4457Kb
 bounds [0x000002d787530000, 0x000002d7877a0000, 0x000002d787ad0000]
 total_blobs=3764 nmethods=3261 adapters=413
 compilation: enabled
              stopped_count=0, restarted_count=0
 full_count=0

Compilation events (20 events):
Event: 1.542 Thread 0x000002d795c284a0 3192       3       java.util.Collections::unmodifiableSet (22 bytes)
Event: 1.542 Thread 0x000002d795c284a0 nmethod 3192 0x000002d780678910 code [0x000002d780678b00, 0x000002d780679018]
Event: 1.542 Thread 0x000002d795c284a0 3193       3       org.springframework.beans.factory.support.AbstractBeanDefinition::resolveBeanClass (24 bytes)
Event: 1.542 Thread 0x000002d795c284a0 nmethod 3193 0x000002d780679210 code [0x000002d780679400, 0x000002d780679b38]
Event: 1.542 Thread 0x000002d795c284a0 3194       1       org.springframework.context.annotation.ConfigurationClassBeanDefinitionReader$ConfigurationClassBeanDefinition::getFactoryMethodMetadata (5 bytes)
Event: 1.542 Thread 0x000002d795c284a0 nmethod 3194 0x000002d787c1fd10 code [0x000002d787c1fea0, 0x000002d787c1ff78]
Event: 1.545 Thread 0x000002d795c284a0 3196       3       java.lang.Package$VersionInfo::<init> (44 bytes)
Event: 1.546 Thread 0x000002d795c284a0 nmethod 3196 0x000002d780679d10 code [0x000002d780679ec0, 0x000002d78067a2f8]
Event: 1.555 Thread 0x000002d795c284a0 3198   !   3       jdk.internal.ref.PhantomCleanable::isListEmpty (34 bytes)
Event: 1.555 Thread 0x000002d795c284a0 nmethod 3198 0x000002d78067a410 code [0x000002d78067a5c0, 0x000002d78067a818]
Event: 1.555 Thread 0x000002d795c284a0 3199       3       jdk.internal.misc.InnocuousThread::eraseThreadLocals (23 bytes)
Event: 1.555 Thread 0x000002d795c284a0 nmethod 3199 0x000002d78067a910 code [0x000002d78067aac0, 0x000002d78067acb8]
Event: 1.555 Thread 0x000002d795c284a0 3200   !   3       java.lang.ref.ReferenceQueue::remove (61 bytes)
Event: 1.556 Thread 0x000002d7977355c0 nmethod 3178 0x000002d787c20410 code [0x000002d787c20660, 0x000002d787c215b0]
Event: 1.556 Thread 0x000002d7977355c0 3195   !   4       java.util.zip.InflaterInputStream::read (122 bytes)
Event: 1.556 Thread 0x000002d795c284a0 nmethod 3200 0x000002d78067ad90 code [0x000002d78067b000, 0x000002d78067bbe8]
Event: 1.556 Thread 0x000002d795c284a0 3201       3       java.lang.ref.ReferenceQueue::remove0 (64 bytes)
Event: 1.556 Thread 0x000002d795c284a0 nmethod 3201 0x000002d78067bf90 code [0x000002d78067c180, 0x000002d78067c628]
Event: 1.556 Thread 0x000002d795c284a0 3202       3       java.lang.invoke.MethodHandleNatives$CallSiteContext::run (5 bytes)
Event: 1.556 Thread 0x000002d795c284a0 nmethod 3202 0x000002d78067c790 code [0x000002d78067c940, 0x000002d78067ca68]

GC Heap History (6 events):
Event: 0.442 GC heap before
{Heap before GC invocations=0 (full 0):
 garbage-first heap   total 258048K, used 20480K [0x0000000705800000, 0x0000000800000000)
  region size 2048K, 11 young (22528K), 0 survivors (0K)
 Metaspace       used 5218K, committed 5440K, reserved 1114112K
  class space    used 571K, committed 704K, reserved 1048576K
}
Event: 0.445 GC heap after
{Heap after GC invocations=1 (full 0):
 garbage-first heap   total 258048K, used 6338K [0x0000000705800000, 0x0000000800000000)
  region size 2048K, 2 young (4096K), 2 survivors (4096K)
 Metaspace       used 5218K, committed 5440K, reserved 1114112K
  class space    used 571K, committed 704K, reserved 1048576K
}
Event: 0.832 GC heap before
{Heap before GC invocations=1 (full 0):
 garbage-first heap   total 258048K, used 32962K [0x0000000705800000, 0x0000000800000000)
  region size 2048K, 16 young (32768K), 2 survivors (4096K)
 Metaspace       used 13100K, committed 13376K, reserved 1114112K
  class space    used 1515K, committed 1664K, reserved 1048576K
}
Event: 0.835 GC heap after
{Heap after GC invocations=2 (full 0):
 garbage-first heap   total 258048K, used 8555K [0x0000000705800000, 0x0000000800000000)
  region size 2048K, 2 young (4096K), 2 survivors (4096K)
 Metaspace       used 13100K, committed 13376K, reserved 1114112K
  class space    used 1515K, committed 1664K, reserved 1048576K
}
Event: 1.550 GC heap before
{Heap before GC invocations=2 (full 0):
 garbage-first heap   total 258048K, used 59755K [0x0000000705800000, 0x0000000800000000)
  region size 2048K, 28 young (57344K), 2 survivors (4096K)
 Metaspace       used 21231K, committed 21504K, reserved 1114112K
  class space    used 2542K, committed 2688K, reserved 1048576K
}
Event: 1.555 GC heap after
{Heap after GC invocations=3 (full 0):
 garbage-first heap   total 258048K, used 12532K [0x0000000705800000, 0x0000000800000000)
  region size 2048K, 4 young (8192K), 4 survivors (8192K)
 Metaspace       used 21231K, committed 21504K, reserved 1114112K
  class space    used 2542K, committed 2688K, reserved 1048576K
}

Dll operation events (11 events):
Event: 0.007 Loaded shared library C:\Users\PC\.jdks\corretto-19.0.2\bin\java.dll
Event: 0.016 Loaded shared library C:\Users\PC\.jdks\corretto-19.0.2\bin\jsvml.dll
Event: 0.086 Loaded shared library C:\Users\PC\.jdks\corretto-19.0.2\bin\zip.dll
Event: 0.088 Loaded shared library C:\Users\PC\.jdks\corretto-19.0.2\bin\instrument.dll
Event: 0.092 Loaded shared library C:\Users\PC\.jdks\corretto-19.0.2\bin\net.dll
Event: 0.093 Loaded shared library C:\Users\PC\.jdks\corretto-19.0.2\bin\nio.dll
Event: 0.096 Loaded shared library C:\Users\PC\.jdks\corretto-19.0.2\bin\zip.dll
Event: 0.158 Loaded shared library C:\Users\PC\.jdks\corretto-19.0.2\bin\extnet.dll
Event: 0.181 Loaded shared library C:\Users\PC\.jdks\corretto-19.0.2\bin\jimage.dll
Event: 0.368 Loaded shared library C:\Users\PC\.jdks\corretto-19.0.2\bin\management.dll
Event: 0.369 Loaded shared library C:\Users\PC\.jdks\corretto-19.0.2\bin\management_ext.dll

Deoptimization events (20 events):
Event: 1.486 Thread 0x000002d79163c790 Uncommon trap: trap_request=0xffffff45 fr.pc=0x000002d787bfbe2c relative=0x0000000000000b2c
Event: 1.486 Thread 0x000002d79163c790 Uncommon trap: reason=unstable_if action=reinterpret pc=0x000002d787bfbe2c method=org.springframework.core.ResolvableType$1.isAssignableFrom(Ljava/lang/Class;)Z @ 15 c2
Event: 1.486 Thread 0x000002d79163c790 DEOPT PACKING pc=0x000002d787bfbe2c sp=0x000000dbd9cfdf50
Event: 1.486 Thread 0x000002d79163c790 DEOPT UNPACKING pc=0x000002d78759a5a3 sp=0x000000dbd9cfded0 mode 2
Event: 1.488 Thread 0x000002d79163c790 Uncommon trap: trap_request=0xffffffbe fr.pc=0x000002d787c0f04c relative=0x0000000000000f6c
Event: 1.488 Thread 0x000002d79163c790 Uncommon trap: reason=profile_predicate action=maybe_recompile pc=0x000002d787c0f04c method=org.springframework.core.annotation.MergedAnnotationsCollection.find(Ljava/lang/Object;Ljava/util/function/Predicate;Lorg/springframework/core/annotation/MergedAnn
Event: 1.488 Thread 0x000002d79163c790 DEOPT PACKING pc=0x000002d787c0f04c sp=0x000000dbd9cfe090
Event: 1.488 Thread 0x000002d79163c790 DEOPT UNPACKING pc=0x000002d78759a5a3 sp=0x000000dbd9cfe080 mode 2
Event: 1.489 Thread 0x000002d79163c790 Uncommon trap: trap_request=0xffffffbe fr.pc=0x000002d787c0f04c relative=0x0000000000000f6c
Event: 1.489 Thread 0x000002d79163c790 Uncommon trap: reason=profile_predicate action=maybe_recompile pc=0x000002d787c0f04c method=org.springframework.core.annotation.MergedAnnotationsCollection.find(Ljava/lang/Object;Ljava/util/function/Predicate;Lorg/springframework/core/annotation/MergedAnn
Event: 1.489 Thread 0x000002d79163c790 DEOPT PACKING pc=0x000002d787c0f04c sp=0x000000dbd9cfe110
Event: 1.489 Thread 0x000002d79163c790 DEOPT UNPACKING pc=0x000002d78759a5a3 sp=0x000000dbd9cfe100 mode 2
Event: 1.491 Thread 0x000002d79163c790 Uncommon trap: trap_request=0xffffffbe fr.pc=0x000002d787c0f04c relative=0x0000000000000f6c
Event: 1.491 Thread 0x000002d79163c790 Uncommon trap: reason=profile_predicate action=maybe_recompile pc=0x000002d787c0f04c method=org.springframework.core.annotation.MergedAnnotationsCollection.find(Ljava/lang/Object;Ljava/util/function/Predicate;Lorg/springframework/core/annotation/MergedAnn
Event: 1.491 Thread 0x000002d79163c790 DEOPT PACKING pc=0x000002d787c0f04c sp=0x000000dbd9cfe090
Event: 1.491 Thread 0x000002d79163c790 DEOPT UNPACKING pc=0x000002d78759a5a3 sp=0x000000dbd9cfe080 mode 2
Event: 1.492 Thread 0x000002d79163c790 Uncommon trap: trap_request=0xffffffbe fr.pc=0x000002d787c0f04c relative=0x0000000000000f6c
Event: 1.492 Thread 0x000002d79163c790 Uncommon trap: reason=profile_predicate action=maybe_recompile pc=0x000002d787c0f04c method=org.springframework.core.annotation.MergedAnnotationsCollection.find(Ljava/lang/Object;Ljava/util/function/Predicate;Lorg/springframework/core/annotation/MergedAnn
Event: 1.492 Thread 0x000002d79163c790 DEOPT PACKING pc=0x000002d787c0f04c sp=0x000000dbd9cfe110
Event: 1.492 Thread 0x000002d79163c790 DEOPT UNPACKING pc=0x000002d78759a5a3 sp=0x000000dbd9cfe100 mode 2

Classes loaded (20 events):
Event: 1.398 Loading class java/util/Collections$UnmodifiableMap$UnmodifiableEntrySet
Event: 1.398 Loading class java/util/Collections$UnmodifiableMap$UnmodifiableEntrySet done
Event: 1.398 Loading class java/util/Collections$UnmodifiableMap$UnmodifiableEntrySet$1
Event: 1.398 Loading class java/util/Collections$UnmodifiableMap$UnmodifiableEntrySet$1 done
Event: 1.398 Loading class java/util/Collections$UnmodifiableMap$UnmodifiableEntrySet$UnmodifiableEntry
Event: 1.398 Loading class java/util/Collections$UnmodifiableMap$UnmodifiableEntrySet$UnmodifiableEntry done
Event: 1.422 Loading class java/util/stream/Streams$ConcatSpliterator$OfRef
Event: 1.422 Loading class java/util/stream/Streams$ConcatSpliterator
Event: 1.422 Loading class java/util/stream/Streams$ConcatSpliterator done
Event: 1.422 Loading class java/util/stream/Streams$ConcatSpliterator$OfRef done
Event: 1.422 Loading class java/util/stream/Streams$2
Event: 1.422 Loading class java/util/stream/Streams$2 done
Event: 1.439 Loading class java/util/stream/ReferencePipeline$15
Event: 1.439 Loading class java/util/stream/ReferencePipeline$15 done
Event: 1.439 Loading class java/util/stream/ReferencePipeline$15$1
Event: 1.440 Loading class java/util/stream/ReferencePipeline$15$1 done
Event: 1.448 Loading class sun/reflect/generics/tree/BooleanSignature
Event: 1.448 Loading class sun/reflect/generics/tree/BooleanSignature done
Event: 1.523 Loading class java/io/FileFilter
Event: 1.523 Loading class java/io/FileFilter done

Classes unloaded (0 events):
No events

Classes redefined (0 events):
No events

Internal exceptions (20 events):
Event: 0.647 Thread 0x000002d79163c790 Exception <a 'java/lang/NoSuchMethodError'{0x00000007148574a8}: 'void java.lang.invoke.DirectMethodHandle$Holder.invokeStaticInit(java.lang.Object, java.lang.Object)'> (0x00000007148574a8) 
thrown [s\src\hotspot\share\interpreter\linkResolver.cpp, line 774]
Event: 0.648 Thread 0x000002d79163c790 Exception <a 'java/lang/NoSuchMethodError'{0x0000000714863630}: 'void java.lang.invoke.DirectMethodHandle$Holder.invokeStaticInit(java.lang.Object, java.lang.Object, java.lang.Object)'> (0x0000000714863630) 
thrown [s\src\hotspot\share\interpreter\linkResolver.cpp, line 774]
Event: 0.651 Thread 0x000002d79163c790 Exception <a 'java/lang/NoSuchMethodError'{0x000000071489ed68}: 'java.lang.Object java.lang.invoke.DirectMethodHandle$Holder.invokeStatic(java.lang.Object, long, java.lang.Object)'> (0x000000071489ed68) 
thrown [s\src\hotspot\share\interpreter\linkResolver.cpp, line 774]
Event: 0.652 Thread 0x000002d79163c790 Exception <a 'java/lang/NoSuchMethodError'{0x00000007148a2668}: 'java.lang.Object java.lang.invoke.DirectMethodHandle$Holder.invokeStaticInit(java.lang.Object, long, java.lang.Object)'> (0x00000007148a2668) 
thrown [s\src\hotspot\share\interpreter\linkResolver.cpp, line 774]
Event: 0.652 Thread 0x000002d79163c790 Exception <a 'java/lang/NoSuchMethodError'{0x00000007148a8660}: 'java.lang.Object java.lang.invoke.DirectMethodHandle$Holder.newInvokeSpecial(java.lang.Object, long)'> (0x00000007148a8660) 
thrown [s\src\hotspot\share\interpreter\linkResolver.cpp, line 774]
Event: 0.660 Thread 0x000002d79163c790 Exception <a 'java/lang/NoSuchMethodError'{0x00000007148efc38}: 'void java.lang.invoke.DirectMethodHandle$Holder.invokeVirtual(java.lang.Object, java.lang.Object, java.lang.Object, java.lang.Object)'> (0x00000007148efc38) 
thrown [s\src\hotspot\share\interpreter\linkResolver.cpp, line 774]
Event: 0.684 Thread 0x000002d79163c790 Exception <a 'java/lang/NoSuchMethodError'{0x0000000714624b80}: 'void java.lang.invoke.DirectMethodHandle$Holder.invokeSpecial(java.lang.Object, java.lang.Object, java.lang.Object, java.lang.Object, java.lang.Object)'> (0x0000000714624b80) 
thrown [s\src\hotspot\share\interpreter\linkResolver.cpp, line 774]
Event: 0.688 Thread 0x000002d79163c790 Exception <a 'java/lang/IncompatibleClassChangeError'{0x0000000714651270}: Found class java.lang.Object, but interface was expected> (0x0000000714651270) 
thrown [s\src\hotspot\share\interpreter\linkResolver.cpp, line 841]
Event: 0.688 Thread 0x000002d79163c240 Exception <a 'java/lang/NoClassDefFoundError'{0x000000071467b208}: jakarta/validation/Validation> (0x000000071467b208) 
thrown [s\src\hotspot\share\classfile\systemDictionary.cpp, line 244]
Event: 0.773 Thread 0x000002d79163c790 Exception <a 'java/lang/NoSuchMethodError'{0x000000071381edb0}: 'int java.lang.invoke.Invokers$Holder.invokeExact_MT(java.lang.Object, java.lang.Object)'> (0x000000071381edb0) 
thrown [s\src\hotspot\share\interpreter\linkResolver.cpp, line 774]
Event: 0.889 Thread 0x000002d79163c790 Exception <a 'java/lang/NoSuchMethodError'{0x0000000714d33f10}: 'int java.lang.invoke.DirectMethodHandle$Holder.invokeSpecial(java.lang.Object, java.lang.Object, java.lang.Object, java.lang.Object, java.lang.Object)'> (0x0000000714d33f10) 
thrown [s\src\hotspot\share\interpreter\linkResolver.cpp, line 774]
Event: 0.891 Thread 0x000002d79163c790 Exception <a 'java/lang/NoSuchMethodError'{0x0000000714d3ce50}: 'void java.lang.invoke.DirectMethodHandle$Holder.invokeVirtual(java.lang.Object, java.lang.Object)'> (0x0000000714d3ce50) 
thrown [s\src\hotspot\share\interpreter\linkResolver.cpp, line 774]
Event: 0.903 Thread 0x000002d79163c240 Exception <a 'java/lang/NoSuchMethodError'{0x0000000714ae9020}: 'long java.lang.invoke.DirectMethodHandle$Holder.invokeSpecial(java.lang.Object, java.lang.Object)'> (0x0000000714ae9020) 
thrown [s\src\hotspot\share\interpreter\linkResolver.cpp, line 774]
Event: 0.905 Thread 0x000002d79163c240 Exception <a 'java/lang/NoSuchMethodError'{0x0000000714b53c20}: 'long java.lang.invoke.DirectMethodHandle$Holder.invokeStatic(java.lang.Object, java.lang.Object)'> (0x0000000714b53c20) 
thrown [s\src\hotspot\share\interpreter\linkResolver.cpp, line 774]
Event: 0.905 Thread 0x000002d79163c240 Exception <a 'java/lang/NoSuchMethodError'{0x0000000714b57228}: 'long java.lang.invoke.DirectMethodHandle$Holder.invokeStaticInit(java.lang.Object, java.lang.Object)'> (0x0000000714b57228) 
thrown [s\src\hotspot\share\interpreter\linkResolver.cpp, line 774]
Event: 0.906 Thread 0x000002d79163c240 Exception <a 'java/lang/NoSuchMethodError'{0x0000000714b65238}: 'long java.lang.invoke.DirectMethodHandle$Holder.invokeInterface(java.lang.Object, java.lang.Object)'> (0x0000000714b65238) 
thrown [s\src\hotspot\share\interpreter\linkResolver.cpp, line 774]
Event: 0.906 Thread 0x000002d79163c240 Exception <a 'java/lang/IncompatibleClassChangeError'{0x0000000714b687d0}: Found class java.lang.Object, but interface was expected> (0x0000000714b687d0) 
thrown [s\src\hotspot\share\interpreter\linkResolver.cpp, line 841]
Event: 0.915 Thread 0x000002d79163c240 Exception <a 'java/lang/NoSuchMethodError'{0x000000071481d510}: 'java.lang.Object java.lang.invoke.DirectMethodHandle$Holder.invokeVirtual(java.lang.Object, java.lang.Object, java.lang.Object, java.lang.Object)'> (0x000000071481d510) 
thrown [s\src\hotspot\share\interpreter\linkResolver.cpp, line 774]
Event: 1.042 Thread 0x000002d79163c790 Exception <a 'java/lang/IncompatibleClassChangeError'{0x00000007143cc3b8}: Found class java.lang.Object, but interface was expected> (0x00000007143cc3b8) 
thrown [s\src\hotspot\share\interpreter\linkResolver.cpp, line 841]
Event: 1.435 Thread 0x000002d79163c790 Exception <a 'java/lang/NoSuchMethodError'{0x00000007122c6818}: 'java.lang.Object java.lang.invoke.DirectMethodHandle$Holder.invokeSpecialIFC(java.lang.Object, java.lang.Object, java.lang.Object)'> (0x00000007122c6818) 
thrown [s\src\hotspot\share\interpreter\linkResolver.cpp, line 774]

VM Operations (20 events):
Event: 0.880 Executing VM operation: HandshakeAllThreads
Event: 0.880 Executing VM operation: HandshakeAllThreads done
Event: 1.112 Executing VM operation: ICBufferFull
Event: 1.112 Executing VM operation: ICBufferFull done
Event: 1.270 Executing VM operation: ICBufferFull
Event: 1.270 Executing VM operation: ICBufferFull done
Event: 1.394 Executing VM operation: HandshakeAllThreads
Event: 1.395 Executing VM operation: HandshakeAllThreads done
Event: 1.395 Executing VM operation: HandshakeAllThreads
Event: 1.395 Executing VM operation: HandshakeAllThreads done
Event: 1.399 Executing VM operation: HandshakeAllThreads
Event: 1.399 Executing VM operation: HandshakeAllThreads done
Event: 1.399 Executing VM operation: HandshakeAllThreads
Event: 1.399 Executing VM operation: HandshakeAllThreads done
Event: 1.441 Executing VM operation: HandshakeAllThreads
Event: 1.441 Executing VM operation: HandshakeAllThreads done
Event: 1.484 Executing VM operation: ICBufferFull
Event: 1.484 Executing VM operation: ICBufferFull done
Event: 1.550 Executing VM operation: CollectForMetadataAllocation
Event: 1.555 Executing VM operation: CollectForMetadataAllocation done

Events (20 events):
Event: 0.026 Thread 0x000002d791620b10 Thread added: 0x000002d791620b10
Event: 0.026 Thread 0x000002d7916219f0 Thread added: 0x000002d7916219f0
Event: 0.026 Thread 0x000002d791624020 Thread added: 0x000002d791624020
Event: 0.026 Thread 0x000002d791626b50 Thread added: 0x000002d791626b50
Event: 0.026 Thread 0x000002d791627570 Thread added: 0x000002d791627570
Event: 0.026 Thread 0x000002d79162ab00 Thread added: 0x000002d79162ab00
Event: 0.026 Thread 0x000002d791637760 Thread added: 0x000002d791637760
Event: 0.026 Thread 0x000002d795c284a0 Thread added: 0x000002d795c284a0
Event: 0.026 Thread 0x000002d79163b250 Thread added: 0x000002d79163b250
Event: 0.068 Thread 0x000002d79163a7b0 Thread added: 0x000002d79163a7b0
Event: 0.110 Thread 0x000002d795f7e880 Thread added: 0x000002d795f7e880
Event: 0.151 Thread 0x000002d79163b7a0 Thread added: 0x000002d79163b7a0
Event: 0.151 Thread 0x000002d79163bcf0 Thread added: 0x000002d79163bcf0
Event: 0.400 Thread 0x000002d79163ad00 Thread added: 0x000002d79163ad00
Event: 0.402 Thread 0x000002d79163c790 Thread added: 0x000002d79163c790
Event: 0.686 Thread 0x000002d79163c240 Thread added: 0x000002d79163c240
Event: 0.917 Thread 0x000002d79163c240 Thread exited: 0x000002d79163c240
Event: 0.988 Thread 0x000002d79163c240 Thread added: 0x000002d79163c240
Event: 1.035 Thread 0x000002d79163c240 Thread exited: 0x000002d79163c240
Event: 1.324 Thread 0x000002d7977355c0 Thread added: 0x000002d7977355c0


Dynamic libraries:
0x00007ff6ca9a0000 - 0x00007ff6ca9ad000 	C:\Users\PC\.jdks\corretto-19.0.2\bin\java.exe
0x00007ff9a7df0000 - 0x00007ff9a7fe8000 	C:\WINDOWS\SYSTEM32\ntdll.dll
0x00007ff9a6690000 - 0x00007ff9a6752000 	C:\WINDOWS\System32\KERNEL32.DLL
0x00007ff9a58f0000 - 0x00007ff9a5bef000 	C:\WINDOWS\System32\KERNELBASE.dll
0x00007ff9a57f0000 - 0x00007ff9a58f0000 	C:\WINDOWS\System32\ucrtbase.dll
0x00007ff9a1220000 - 0x00007ff9a1237000 	C:\Users\PC\.jdks\corretto-19.0.2\bin\jli.dll
0x00007ff99eb90000 - 0x00007ff99eba5000 	C:\Users\PC\.jdks\corretto-19.0.2\bin\VCRUNTIME140.dll
0x00007ff9a7640000 - 0x00007ff9a77dd000 	C:\WINDOWS\System32\USER32.dll
0x00007ff9a5cc0000 - 0x00007ff9a5ce2000 	C:\WINDOWS\System32\win32u.dll
0x00007ff9a6c40000 - 0x00007ff9a6c6b000 	C:\WINDOWS\System32\GDI32.dll
0x00007ff9a5cf0000 - 0x00007ff9a5e0a000 	C:\WINDOWS\System32\gdi32full.dll
0x00007ff98db20000 - 0x00007ff98ddba000 	C:\WINDOWS\WinSxS\amd64_microsoft.windows.common-controls_6595b64144ccf1df_6.0.19041.4355_none_60b8b9eb71f62e16\COMCTL32.dll
0x00007ff9a5c20000 - 0x00007ff9a5cbd000 	C:\WINDOWS\System32\msvcp_win.dll
0x00007ff9a6c70000 - 0x00007ff9a6d0e000 	C:\WINDOWS\System32\msvcrt.dll
0x00007ff9a64f0000 - 0x00007ff9a651f000 	C:\WINDOWS\System32\IMM32.DLL
0x00007ff976e20000 - 0x00007ff976ebb000 	C:\Users\PC\.jdks\corretto-19.0.2\bin\msvcp140.dll
0x00007ff93ceb0000 - 0x00007ff93db89000 	C:\Users\PC\.jdks\corretto-19.0.2\bin\server\jvm.dll
0x00007ff9a6520000 - 0x00007ff9a65cf000 	C:\WINDOWS\System32\ADVAPI32.dll
0x00007ff9a77e0000 - 0x00007ff9a787f000 	C:\WINDOWS\System32\sechost.dll
0x00007ff9a6d10000 - 0x00007ff9a6e33000 	C:\WINDOWS\System32\RPCRT4.dll
0x00007ff9a5bf0000 - 0x00007ff9a5c17000 	C:\WINDOWS\System32\bcrypt.dll
0x00007ff99bdc0000 - 0x00007ff99bdc9000 	C:\WINDOWS\SYSTEM32\WSOCK32.dll
0x00007ff987c10000 - 0x00007ff987c37000 	C:\WINDOWS\SYSTEM32\WINMM.dll
0x00007ff9a6760000 - 0x00007ff9a67cb000 	C:\WINDOWS\System32\WS2_32.dll
0x00007ff99caf0000 - 0x00007ff99cafa000 	C:\WINDOWS\SYSTEM32\VERSION.dll
0x00007ff9a3cb0000 - 0x00007ff9a3cc2000 	C:\WINDOWS\SYSTEM32\kernel.appcore.dll
0x00007ff9a1290000 - 0x00007ff9a129a000 	C:\Users\PC\.jdks\corretto-19.0.2\bin\jimage.dll
0x00007ff9a39a0000 - 0x00007ff9a3b84000 	C:\WINDOWS\SYSTEM32\DBGHELP.DLL
0x00007ff986070000 - 0x00007ff9860a4000 	C:\WINDOWS\SYSTEM32\dbgcore.DLL
0x00007ff9a5490000 - 0x00007ff9a5512000 	C:\WINDOWS\System32\bcryptPrimitives.dll
0x00007ff99eb80000 - 0x00007ff99eb8e000 	C:\Users\PC\.jdks\corretto-19.0.2\bin\instrument.dll
0x00007ff9851e0000 - 0x00007ff985206000 	C:\Users\PC\.jdks\corretto-19.0.2\bin\java.dll
0x00007ff9462e0000 - 0x00007ff9463b6000 	C:\Users\PC\.jdks\corretto-19.0.2\bin\jsvml.dll
0x00007ff9a6ed0000 - 0x00007ff9a763d000 	C:\WINDOWS\System32\SHELL32.dll
0x00007ff9a31f0000 - 0x00007ff9a3994000 	C:\WINDOWS\SYSTEM32\windows.storage.dll
0x00007ff9a7960000 - 0x00007ff9a7cb5000 	C:\WINDOWS\System32\combase.dll
0x00007ff9a4ec0000 - 0x00007ff9a4eeb000 	C:\WINDOWS\SYSTEM32\Wldp.dll
0x00007ff9a6420000 - 0x00007ff9a64ed000 	C:\WINDOWS\System32\OLEAUT32.dll
0x00007ff9a65d0000 - 0x00007ff9a667d000 	C:\WINDOWS\System32\SHCORE.dll
0x00007ff9a6340000 - 0x00007ff9a6395000 	C:\WINDOWS\System32\shlwapi.dll
0x00007ff9a53c0000 - 0x00007ff9a53e5000 	C:\WINDOWS\SYSTEM32\profapi.dll
0x00007ff97ebe0000 - 0x00007ff97ebf8000 	C:\Users\PC\.jdks\corretto-19.0.2\bin\zip.dll
0x00007ff982a00000 - 0x00007ff982a13000 	C:\Users\PC\.jdks\corretto-19.0.2\bin\net.dll
0x00007ff9a1710000 - 0x00007ff9a181a000 	C:\WINDOWS\SYSTEM32\WINHTTP.dll
0x00007ff9a4c20000 - 0x00007ff9a4c8c000 	C:\WINDOWS\system32\mswsock.dll
0x00007ff981dd0000 - 0x00007ff981de5000 	C:\Users\PC\.jdks\corretto-19.0.2\bin\nio.dll
0x00007ff99eb70000 - 0x00007ff99eb78000 	C:\Users\PC\.jdks\corretto-19.0.2\bin\extnet.dll
0x00007ff97ebd0000 - 0x00007ff97ebd9000 	C:\Users\PC\.jdks\corretto-19.0.2\bin\management.dll
0x00007ff97ebc0000 - 0x00007ff97ebcb000 	C:\Users\PC\.jdks\corretto-19.0.2\bin\management_ext.dll
0x00007ff9a7da0000 - 0x00007ff9a7da8000 	C:\WINDOWS\System32\PSAPI.DLL

dbghelp: loaded successfully - version: 4.0.5 - missing functions: none
symbol engine: initialized successfully - sym options: 0x614 - pdb path: .;C:\Users\PC\.jdks\corretto-19.0.2\bin;C:\WINDOWS\SYSTEM32;C:\WINDOWS\WinSxS\amd64_microsoft.windows.common-controls_6595b64144ccf1df_6.0.19041.4355_none_60b8b9eb71f62e16;C:\Users\PC\.jdks\corretto-19.0.2\bin\server

VM Arguments:
jvm_args: -javaagent:C:\Program Files\JetBrains\IntelliJ IDEA Community Edition 2024.3.5\lib\idea_rt.jar=50078 -Dfile.encoding=UTF-8 -Dsun.stdout.encoding=UTF-8 -Dsun.stderr.encoding=UTF-8 
java_command: com.example.waselne_backend.ReservationudemyApplication
java_class_path (initial): C:\Users\PC\Downloads\waselne_backend\target\classes;C:\Users\PC\.m2\repository\org\springframework\boot\spring-boot-starter-data-jpa\3.1.2\spring-boot-starter-data-jpa-3.1.2.jar;C:\Users\PC\.m2\repository\org\springframework\boot\spring-boot-starter-aop\3.1.2\spring-boot-starter-aop-3.1.2.jar;C:\Users\PC\.m2\repository\org\aspectj\aspectjweaver\1.9.19\aspectjweaver-1.9.19.jar;C:\Users\PC\.m2\repository\org\springframework\boot\spring-boot-starter-jdbc\3.1.2\spring-boot-starter-jdbc-3.1.2.jar;C:\Users\PC\.m2\repository\com\zaxxer\HikariCP\5.0.1\HikariCP-5.0.1.jar;C:\Users\PC\.m2\repository\org\springframework\spring-jdbc\6.0.11\spring-jdbc-6.0.11.jar;C:\Users\PC\.m2\repository\org\hibernate\orm\hibernate-core\6.2.6.Final\hibernate-core-6.2.6.Final.jar;C:\Users\PC\.m2\repository\jakarta\persistence\jakarta.persistence-api\3.1.0\jakarta.persistence-api-3.1.0.jar;C:\Users\PC\.m2\repository\jakarta\transaction\jakarta.transaction-api\2.0.1\jakarta.transaction-api-2.0.1.jar;C:\Users\PC\.m2\repository\org\jboss\logging\jboss-logging\3.5.3.Final\jboss-logging-3.5.3.Final.jar;C:\Users\PC\.m2\repository\org\hibernate\common\hibernate-commons-annotations\6.0.6.Final\hibernate-commons-annotations-6.0.6.Final.jar;C:\Users\PC\.m2\repository\io\smallrye\jandex\3.0.5\jandex-3.0.5.jar;C:\Users\PC\.m2\repository\com\fasterxml\classmate\1.5.1\classmate-1.5.1.jar;C:\Users\PC\.m2\repository\net\bytebuddy\byte-buddy\1.14.5\byte-buddy-1.14.5.jar;C:\Users\PC\.m2\repository\org\glassfish\jaxb\jaxb-runtime\4.0.3\jaxb-runtime-4.0.3.jar;C:\Users\PC\.m2\repository\org\glassfish\jaxb\jaxb-core\4.0.3\jaxb-core-4.0.3.jar;C:\Users\PC\.m2\repository\org\eclipse\angus\angus-activation\2.0.1\angus-activation-2.0.1.jar;C:\Users\PC\.m2\repository\org\glassfish\jaxb\txw2\4.0.3\txw2-4.0.3.jar;C:\Users\PC\.m2\repository\com\sun\istack\istack-commons-runtime\4.1.2\istack-commons-runtime-4.1.2.jar;C:\Users\PC\.m2\repository\jakarta\inject\jakarta.inject-api\2.0.1\jakarta.inject-api-2.0.1.jar;C:\Users\PC\.m2\repository\org\antlr\antlr4-runtime\4.10.1\antlr4-runtime-4.10.1.jar;C:\Users\PC\.m2\repository\org\springframework\data\spring-data-jpa\3.1.2\spring-data-jpa-3.1.2.jar;C:\Users\PC\.m2\repository\org\springframework\data\spring-data-commons\3.1.2\spring-data-commons-3.1.2.jar;C:\Users\PC\.m2\repository\org\springframework\spring-orm\6.0.11\spring-orm-6.0.11.jar;C:\Users\PC\.m2\repository\org\springframework\spring-context\6.0.11\spring-context-6.0.11.jar;C:\Users\PC\.m2\repository\org\springframework\spring-tx\6.0.11\spring-tx-6.0.11.jar;C:\Users\PC\.m2\repository\org\springframework\spring-beans\6.0.11\spring-beans-6.0.11.jar;C:\Users\PC\.m2\repository\jakarta\annotation\jakarta.annotation-api\2.1.1\jakarta.annotation-api-2.1.1.jar;C:\Users\PC\.m2\repository\org\slf4j\slf4j-api\2.0.7\slf4j-api-2.0.7.jar;C:\Users\PC\.m2\repository\org\springframework\spring-aspects\6.0.11\spring-aspects-6.0.11.jar;C:\Users\PC\.m2\repository\org\springframework\boot\spring-boot-starter-web\3.1.2\spring-boot-starter-web-3.1.2.jar;C:\Users\PC\.m2\repository\org\springframework\boot\spring-boot-starter\3.1.2\spring-boot-starter-3.1.2.jar;C:\Users\PC\.m2\repository\org\springframework\boot\spring-boot-starter-logging\3.1.2\spring-boot-starter-logging-3.1.2.jar;C:\Users\PC\.m2\repository\ch\qos\logback\logback-classic\1.4.8\logback-classic-1.4.8.jar;C:\Users\PC\.m2\repository\ch\qos\logback\logback-core\1.4.8\logback-core-1.4.8.jar;C:\Users\PC\.m2\repository\org\apache\logging\log4j\log4j-to-slf4j\2.20.0\log4j-to-slf4j-2.20.0.jar;C:\Users\PC\.m2\repository\org\apache\logging\log4j\log4j-api\2.20.0\log4j-api-2.20.0.jar;C:\Users\PC\.m2\repository\org\slf4j\jul-to-slf4j\2.0.7\jul-to-slf4j-2.0.7.jar;C:\Users\PC\.m2\repository\org\yaml\snakeyaml\1.33\snakeyaml-1.33.jar;C:\Users\PC\.m2\repository\org\springframework\boot\spring-boot-starter-json\3.1.2\spring-boot-starter-json-3.1.2.jar;C:\Users\PC\.m2\repository\com\fasterxml\jackson\datatype\jackson-datatype-jdk8\2.15.2\jackson-datatype-jdk8-2.15.2.jar;C:\Users\PC\.m2\repository\com\fasterxml\jackson\datatype\jackson-datatype-jsr310\2.15.2\jackson-datatype-jsr310-2.15.2.jar;C:\Users\PC\.m2\repository\com\fasterxml\jackson\module\jackson-module-parameter-names\2.15.2\jackson-module-parameter-names-2.15.2.jar;C:\Users\PC\.m2\repository\org\springframework\boot\spring-boot-starter-tomcat\3.1.2\spring-boot-starter-tomcat-3.1.2.jar;C:\Users\PC\.m2\repository\org\apache\tomcat\embed\tomcat-embed-core\10.1.11\tomcat-embed-core-10.1.11.jar;C:\Users\PC\.m2\repository\org\apache\tomcat\embed\tomcat-embed-el\10.1.11\tomcat-embed-el-10.1.11.jar;C:\Users\PC\.m2\repository\org\apache\tomcat\embed\tomcat-embed-websocket\10.1.11\tomcat-embed-websocket-10.1.11.jar;C:\Users\PC\.m2\repository\org\springframework\spring-web\6.0.11\spring-web-6.0.11.jar;C:\Users\PC\.m2\repository\io\micrometer\micrometer-observation\1.11.2\micrometer-observation-1.11.2.jar;C:\Users\PC\.m2\repository\io\micrometer\micrometer-commons\1.11.2\micrometer-commons-1.11.2.jar;C:\Users\PC\.m2\repository\org\springframework\spring-webmvc\6.0.11\spring-webmvc-6.0.11.jar;C:\Users\PC\.m2\repository\org\springframework\spring-expression\6.0.11\spring-expression-6.0.11.jar;C:\Users\PC\.m2\repository\org\springframework\boot\spring-boot-devtools\3.1.2\spring-boot-devtools-3.1.2.jar;C:\Users\PC\.m2\repository\org\springframework\boot\spring-boot\3.1.2\spring-boot-3.1.2.jar;C:\Users\PC\.m2\repository\org\springframework\boot\spring-boot-autoconfigure\3.1.2\spring-boot-autoconfigure-3.1.2.jar;C:\Users\PC\.m2\repository\com\mysql\mysql-connector-j\8.0.33\mysql-connector-j-8.0.33.jar;C:\Users\PC\.m2\repository\org\projectlombok\lombok\1.18.28\lombok-1.18.28.jar;C:\Users\PC\.m2\repository\org\springframework\boot\spring-boot-starter-security\3.1.2\spring-boot-starter-security-3.1.2.jar;C:\Users\PC\.m2\repository\org\springframework\spring-aop\6.0.11\spring-aop-6.0.11.jar;C:\Users\PC\.m2\repository\org\springframework\security\spring-security-config\6.1.2\spring-security-config-6.1.2.jar;C:\Users\PC\.m2\repository\org\springframework\security\spring-security-core\6.1.2\spring-security-core-6.1.2.jar;C:\Users\PC\.m2\repository\org\springframework\security\spring-security-crypto\6.1.2\spring-security-crypto-6.1.2.jar;C:\Users\PC\.m2\repository\org\springframework\security\spring-security-web\6.1.2\spring-security-web-6.1.2.jar;C:\Users\PC\.m2\repository\io\jsonwebtoken\jjwt-impl\0.11.5\jjwt-impl-0.11.5.jar;C:\Users\PC\.m2\repository\io\jsonwebtoken\jjwt-api\0.11.5\jjwt-api-0.11.5.jar;C:\Users\PC\.m2\repository\io\jsonwebtoken\jjwt-jackson\0.11.5\jjwt-jackson-0.11.5.jar;C:\Users\PC\.m2\repository\com\fasterxml\jackson\core\jackson-databind\2.15.2\jackson-databind-2.15.2.jar;C:\Users\PC\.m2\repository\com\fasterxml\jackson\core\jackson-annotations\2.15.2\jackson-annotations-2.15.2.jar;C:\Users\PC\.m2\repository\com\fasterxml\jackson\core\jackson-core\2.15.2\jackson-core-2.15.2.jar;C:\Users\PC\.m2\repository\jakarta\xml\bind\jakarta.xml.bind-api\4.0.0\jakarta.xml.bind-api-4.0.0.jar;C:\Users\PC\.m2\repository\jakarta\activation\jakarta.activation-api\2.1.2\jakarta.activation-api-2.1.2.jar;C:\Users\PC\.m2\repository\org\springframework\spring-core\6.0.11\spring-core-6.0.11.jar;C:\Users\PC\.m2\repository\org\springframework\spring-jcl\6.0.11\spring-jcl-6.0.11.jar
Launcher Type: SUN_STANDARD

[Global flags]
     intx CICompilerCount                          = 4                                         {product} {ergonomic}
     uint ConcGCThreads                            = 2                                         {product} {ergonomic}
     uint G1ConcRefinementThreads                  = 8                                         {product} {ergonomic}
   size_t G1HeapRegionSize                         = 2097152                                   {product} {ergonomic}
    uintx GCDrainStackTargetSize                   = 64                                        {product} {ergonomic}
   size_t InitialHeapSize                          = 264241152                                 {product} {ergonomic}
   size_t MarkStackSize                            = 4194304                                   {product} {ergonomic}
   size_t MaxHeapSize                              = 4202692608                                {product} {ergonomic}
   size_t MaxNewSize                               = 2520776704                                {product} {ergonomic}
   size_t MinHeapDeltaBytes                        = 2097152                                   {product} {ergonomic}
   size_t MinHeapSize                              = 8388608                                   {product} {ergonomic}
    uintx NonNMethodCodeHeapSize                   = 5839372                                {pd product} {ergonomic}
    uintx NonProfiledCodeHeapSize                  = 122909434                              {pd product} {ergonomic}
    uintx ProfiledCodeHeapSize                     = 122909434                              {pd product} {ergonomic}
    uintx ReservedCodeCacheSize                    = 251658240                              {pd product} {ergonomic}
     bool SegmentedCodeCache                       = true                                      {product} {ergonomic}
   size_t SoftMaxHeapSize                          = 4202692608                             {manageable} {ergonomic}
     bool UseCompressedClassPointers               = true                           {product lp64_product} {ergonomic}
     bool UseCompressedOops                        = true                           {product lp64_product} {ergonomic}
     bool UseG1GC                                  = true                                      {product} {ergonomic}
     bool UseLargePagesIndividualAllocation        = false                                  {pd product} {ergonomic}

Logging:
Log output configuration:
 #0: stdout all=warning uptime,level,tags foldmultilines=false
 #1: stderr all=off uptime,level,tags foldmultilines=false

Environment Variables:
JAVA_HOME=C:\Program Files\Java\jdk-1.8
PATH=C:\Program Files\Common Files\Oracle\Java\javapath;C:\Program Files (x86)\Common Files\Oracle\Java\java8path;C:\Program Files (x86)\Common Files\Oracle\Java\javapath;C:\WINDOWS\system32;C:\WINDOWS;C:\WINDOWS\System32\Wbem;C:\WINDOWS\System32\WindowsPowerShell\v1.0\;C:\WINDOWS\System32\OpenSSH\;C:\Program Files\Java\jre1.8.0_421;C:\Program Files\Java\jdk\bin;C:\Program Files (x86)\Git\cmd;C:\wamp64\bin\php\php7.4.33;C:\ProgramData\ComposerSetup\bin;C:\Program Files\Java\jdk-17;C:\Program Files\MySQL\MySQL Shell 8.0\bin\;C:\Users\PC\AppData\Local\Microsoft\WindowsApps;C:\Users\PC\AppData\Local\Programs\Microsoft VS Code\bin;C:\Users\PC\AppData\Local\GitHubDesktop\bin;C:\Users\PC\AppData\Roaming\Composer\vendor\bin;C:\Flutter\bin;
USERNAME=PC
OS=Windows_NT
PROCESSOR_IDENTIFIER=Intel64 Family 6 Model 140 Stepping 1, GenuineIntel
TMP=C:\Users\PC\AppData\Local\Temp
TEMP=C:\Users\PC\AppData\Local\Temp



---------------  S Y S T E M  ---------------

OS:
 Windows 10 , 64 bit Build 19041 (10.0.19041.5438)
OS uptime: 0 days 0:13 hours

CPU: total 8 (initial active 8) (4 cores per cpu, 2 threads per core) family 6 model 140 stepping 1 microcode 0x8a, cx8, cmov, fxsr, ht, mmx, 3dnowpref, sse, sse2, sse3, ssse3, sse4.1, sse4.2, popcnt, lzcnt, tsc, tscinvbit, avx, avx2, aes, erms, clmul, bmi1, bmi2, adx, avx512f, avx512dq, avx512cd, avx512bw, avx512vl, sha, fma, vzeroupper, avx512_vpopcntdq, avx512_vpclmulqdq, avx512_vaes, avx512_vnni, clflush, clflushopt, clwb, avx512_vbmi2, avx512_vbmi, rdtscp, rdpid, fsrm, gfni, avx512_bitalg

Memory: 4k page, system-wide physical 16026M (7642M free)
TotalPageFile size 24026M (AvailPageFile size 14841M)
current process WorkingSet (physical memory assigned to process): 119M, peak: 173M
current process commit charge ("private bytes"): 204M, peak: 405M

vm_info: OpenJDK 64-Bit Server VM (19.0.2+7-FR) for windows-amd64 JRE (19.0.2+7-FR), built on Jan 13 2023 22:53:32 by "Administrator" with MS VC++ 15.9 (VS2017)

END.
